feature/map/build/intermediates/manifest_merge_blame_file/debug/manifest-merger-blame-debug-report.txt
1<?xml version="1.0" encoding="utf-8"?>
2<manifest xmlns:android="http://schemas.android.com/apk/res/android"
3    xmlns:dist="http://schemas.android.com/apk/distribution"
4    package="restaurants.feature.restaurants"
5    android:versionCode="1"
6    android:versionName="1.0.0" >
7
8    <uses-sdk
9        android:minSdkVersion="21"
9-->src/main/AndroidManifest.xml
10        android:targetSdkVersion="28" />
10-->src/main/AndroidManifest.xml
11
12    <dist:module
12-->src/main/AndroidManifest.xml:5:5-9:19
13        dist:instant="false"
13-->src/main/AndroidManifest.xml:6:9-29
14        dist:onDemand="false" >
14-->src/main/AndroidManifest.xml:7:9-30
15        <dist:fusing dist:include="true" />
15-->src/main/AndroidManifest.xml:8:9-44
15-->src/main/AndroidManifest.xml:8:22-41
16    </dist:module>
17
18</manifest>